<?xml version="1.0" encoding="UTF-8"?>
<testsuite xmlns:xsi="http://www.w3.org/2001/XMLSchema-instance" xsi:noNamespaceSchemaLocation="https://maven.apache.org/surefire/maven-surefire-plugin/xsd/surefire-test-report.xsd" name="com.example.demo.DemoApplicationTests" time="0.01" tests="1" errors="1" skipped="0" failures="0">
  <properties>
    <property name="java.specification.version" value="17"/>
    <property name="sun.cpu.isalist" value="amd64"/>
    <property name="sun.jnu.encoding" value="Cp1251"/>
    <property name="java.class.path" value="D:\JavaPrograms\Module2\demo\target\test-classes;D:\JavaPrograms\Module2\demo\target\classes;C:\Users\Fedot_Begemot\.m2\repository\org\springframework\data\spring-data-mongodb\4.0.3\spring-data-mongodb-4.0.3.jar;C:\Users\Fedot_Begemot\.m2\repository\org\springframework\spring-tx\6.0.5\spring-tx-6.0.5.jar;C:\Users\Fedot_Begemot\.m2\repository\org\springframework\spring-context\6.0.5\spring-context-6.0.5.jar;C:\Users\Fedot_Begemot\.m2\repository\org\springframework\spring-aop\6.0.5\spring-aop-6.0.5.jar;C:\Users\Fedot_Begemot\.m2\repository\org\springframework\spring-beans\6.0.5\spring-beans-6.0.5.jar;C:\Users\Fedot_Begemot\.m2\repository\org\springframework\spring-core\6.0.5\spring-core-6.0.5.jar;C:\Users\Fedot_Begemot\.m2\repository\org\springframework\spring-jcl\6.0.5\spring-jcl-6.0.5.jar;C:\Users\Fedot_Begemot\.m2\repository\org\springframework\spring-expression\6.0.5\spring-expression-6.0.5.jar;C:\Users\Fedot_Begemot\.m2\repository\org\springframework\data\spring-data-commons\3.0.2\spring-data-commons-3.0.2.jar;C:\Users\Fedot_Begemot\.m2\repository\org\mongodb\mongodb-driver-core\4.8.2\mongodb-driver-core-4.8.2.jar;C:\Users\Fedot_Begemot\.m2\repository\org\mongodb\bson\4.8.2\bson-4.8.2.jar;C:\Users\Fedot_Begemot\.m2\repository\org\mongodb\bson-record-codec\4.8.2\bson-record-codec-4.8.2.jar;C:\Users\Fedot_Begemot\.m2\repository\org\slf4j\slf4j-api\2.0.6\slf4j-api-2.0.6.jar;C:\Users\Fedot_Begemot\.m2\repository\org\springframework\boot\spring-boot-starter-data-mongodb\3.0.3\spring-boot-starter-data-mongodb-3.0.3.jar;C:\Users\Fedot_Begemot\.m2\repository\org\springframework\boot\spring-boot-starter\3.0.3\spring-boot-starter-3.0.3.jar;C:\Users\Fedot_Begemot\.m2\repository\org\springframework\boot\spring-boot-autoconfigure\3.0.3\spring-boot-autoconfigure-3.0.3.jar;C:\Users\Fedot_Begemot\.m2\repository\org\springframework\boot\spring-boot-starter-logging\3.0.3\spring-boot-starter-logging-3.0.3.jar;C:\Users\Fedot_Begemot\.m2\repository\ch\qos\logback\logback-classic\1.4.5\logback-classic-1.4.5.jar;C:\Users\Fedot_Begemot\.m2\repository\ch\qos\logback\logback-core\1.4.5\logback-core-1.4.5.jar;C:\Users\Fedot_Begemot\.m2\repository\org\apache\logging\log4j\log4j-to-slf4j\2.19.0\log4j-to-slf4j-2.19.0.jar;C:\Users\Fedot_Begemot\.m2\repository\org\apache\logging\log4j\log4j-api\2.19.0\log4j-api-2.19.0.jar;C:\Users\Fedot_Begemot\.m2\repository\org\slf4j\jul-to-slf4j\2.0.6\jul-to-slf4j-2.0.6.jar;C:\Users\Fedot_Begemot\.m2\repository\jakarta\annotation\jakarta.annotation-api\2.1.1\jakarta.annotation-api-2.1.1.jar;C:\Users\Fedot_Begemot\.m2\repository\org\yaml\snakeyaml\1.33\snakeyaml-1.33.jar;C:\Users\Fedot_Begemot\.m2\repository\org\mongodb\mongodb-driver-sync\4.8.2\mongodb-driver-sync-4.8.2.jar;C:\Users\Fedot_Begemot\.m2\repository\org\springframework\boot\spring-boot-starter-web\3.0.3\spring-boot-starter-web-3.0.3.jar;C:\Users\Fedot_Begemot\.m2\repository\org\springframework\boot\spring-boot-starter-json\3.0.3\spring-boot-starter-json-3.0.3.jar;C:\Users\Fedot_Begemot\.m2\repository\com\fasterxml\jackson\core\jackson-databind\2.14.2\jackson-databind-2.14.2.jar;C:\Users\Fedot_Begemot\.m2\repository\com\fasterxml\jackson\core\jackson-annotations\2.14.2\jackson-annotations-2.14.2.jar;C:\Users\Fedot_Begemot\.m2\repository\com\fasterxml\jackson\core\jackson-core\2.14.2\jackson-core-2.14.2.jar;C:\Users\Fedot_Begemot\.m2\repository\com\fasterxml\jackson\datatype\jackson-datatype-jdk8\2.14.2\jackson-datatype-jdk8-2.14.2.jar;C:\Users\Fedot_Begemot\.m2\repository\com\fasterxml\jackson\datatype\jackson-datatype-jsr310\2.14.2\jackson-datatype-jsr310-2.14.2.jar;C:\Users\Fedot_Begemot\.m2\repository\com\fasterxml\jackson\module\jackson-module-parameter-names\2.14.2\jackson-module-parameter-names-2.14.2.jar;C:\Users\Fedot_Begemot\.m2\repository\org\springframework\boot\spring-boot-starter-tomcat\3.0.3\spring-boot-starter-tomcat-3.0.3.jar;C:\Users\Fedot_Begemot\.m2\repository\org\apache\tomcat\embed\tomcat-embed-core\10.1.5\tomcat-embed-core-10.1.5.jar;C:\Users\Fedot_Begemot\.m2\repository\org\apache\tomcat\embed\tomcat-embed-el\10.1.5\tomcat-embed-el-10.1.5.jar;C:\Users\Fedot_Begemot\.m2\repository\org\apache\tomcat\embed\tomcat-embed-websocket\10.1.5\tomcat-embed-websocket-10.1.5.jar;C:\Users\Fedot_Begemot\.m2\repository\org\springframework\spring-web\6.0.5\spring-web-6.0.5.jar;C:\Users\Fedot_Begemot\.m2\repository\io\micrometer\micrometer-observation\1.10.4\micrometer-observation-1.10.4.jar;C:\Users\Fedot_Begemot\.m2\repository\io\micrometer\micrometer-commons\1.10.4\micrometer-commons-1.10.4.jar;C:\Users\Fedot_Begemot\.m2\repository\org\springframework\spring-webmvc\6.0.5\spring-webmvc-6.0.5.jar;C:\Users\Fedot_Begemot\.m2\repository\junit\junit\4.13.2\junit-4.13.2.jar;C:\Users\Fedot_Begemot\.m2\repository\org\hamcrest\hamcrest-core\2.2\hamcrest-core-2.2.jar;C:\Users\Fedot_Begemot\.m2\repository\org\hamcrest\hamcrest\2.2\hamcrest-2.2.jar;C:\Users\Fedot_Begemot\.m2\repository\org\springframework\boot\spring-boot-test\3.0.3\spring-boot-test-3.0.3.jar;C:\Users\Fedot_Begemot\.m2\repository\org\springframework\boot\spring-boot\3.0.3\spring-boot-3.0.3.jar;C:\Users\Fedot_Begemot\.m2\repository\org\junit\jupiter\junit-jupiter\5.9.2\junit-jupiter-5.9.2.jar;C:\Users\Fedot_Begemot\.m2\repository\org\junit\jupiter\junit-jupiter-api\5.9.2\junit-jupiter-api-5.9.2.jar;C:\Users\Fedot_Begemot\.m2\repository\org\opentest4j\opentest4j\1.2.0\opentest4j-1.2.0.jar;C:\Users\Fedot_Begemot\.m2\repository\org\junit\platform\junit-platform-commons\1.9.2\junit-platform-commons-1.9.2.jar;C:\Users\Fedot_Begemot\.m2\repository\org\apiguardian\apiguardian-api\1.1.2\apiguardian-api-1.1.2.jar;C:\Users\Fedot_Begemot\.m2\repository\org\junit\jupiter\junit-jupiter-params\5.9.2\junit-jupiter-params-5.9.2.jar;C:\Users\Fedot_Begemot\.m2\repository\org\junit\jupiter\junit-jupiter-engine\5.9.2\junit-jupiter-engine-5.9.2.jar;C:\Users\Fedot_Begemot\.m2\repository\org\junit\platform\junit-platform-engine\1.9.2\junit-platform-engine-1.9.2.jar;"/>
    <property name="java.vm.vendor" value="Oracle Corporation"/>
    <property name="sun.arch.data.model" value="64"/>
    <property name="user.variant" value=""/>
    <property name="java.vendor.url" value="https://java.oracle.com/"/>
    <property name="user.timezone" value="Europe/Moscow"/>
    <property name="os.name" value="Windows 10"/>
    <property name="java.vm.specification.version" value="17"/>
    <property name="sun.java.launcher" value="SUN_STANDARD"/>
    <property name="user.country" value="RU"/>
    <property name="sun.boot.library.path" value="C:\Users\Fedot_Begemot\.jdks\openjdk-17.0.1\bin"/>
    <property name="sun.java.command" value="C:\Users\FEDOT_~1\AppData\Local\Temp\surefire16408420161811257542\surefirebooter16408861095367161939.jar C:\Users\Fedot_Begemot\AppData\Local\Temp\surefire16408420161811257542 2023-04-22T16-35-50_942-jvmRun1 surefire8223010568454562813tmp surefire_016746244445053125203tmp"/>
    <property name="jdk.debug" value="release"/>
    <property name="surefire.test.class.path" value="D:\JavaPrograms\Module2\demo\target\test-classes;D:\JavaPrograms\Module2\demo\target\classes;C:\Users\Fedot_Begemot\.m2\repository\org\springframework\data\spring-data-mongodb\4.0.3\spring-data-mongodb-4.0.3.jar;C:\Users\Fedot_Begemot\.m2\repository\org\springframework\spring-tx\6.0.5\spring-tx-6.0.5.jar;C:\Users\Fedot_Begemot\.m2\repository\org\springframework\spring-context\6.0.5\spring-context-6.0.5.jar;C:\Users\Fedot_Begemot\.m2\repository\org\springframework\spring-aop\6.0.5\spring-aop-6.0.5.jar;C:\Users\Fedot_Begemot\.m2\repository\org\springframework\spring-beans\6.0.5\spring-beans-6.0.5.jar;C:\Users\Fedot_Begemot\.m2\repository\org\springframework\spring-core\6.0.5\spring-core-6.0.5.jar;C:\Users\Fedot_Begemot\.m2\repository\org\springframework\spring-jcl\6.0.5\spring-jcl-6.0.5.jar;C:\Users\Fedot_Begemot\.m2\repository\org\springframework\spring-expression\6.0.5\spring-expression-6.0.5.jar;C:\Users\Fedot_Begemot\.m2\repository\org\springframework\data\spring-data-commons\3.0.2\spring-data-commons-3.0.2.jar;C:\Users\Fedot_Begemot\.m2\repository\org\mongodb\mongodb-driver-core\4.8.2\mongodb-driver-core-4.8.2.jar;C:\Users\Fedot_Begemot\.m2\repository\org\mongodb\bson\4.8.2\bson-4.8.2.jar;C:\Users\Fedot_Begemot\.m2\repository\org\mongodb\bson-record-codec\4.8.2\bson-record-codec-4.8.2.jar;C:\Users\Fedot_Begemot\.m2\repository\org\slf4j\slf4j-api\2.0.6\slf4j-api-2.0.6.jar;C:\Users\Fedot_Begemot\.m2\repository\org\springframework\boot\spring-boot-starter-data-mongodb\3.0.3\spring-boot-starter-data-mongodb-3.0.3.jar;C:\Users\Fedot_Begemot\.m2\repository\org\springframework\boot\spring-boot-starter\3.0.3\spring-boot-starter-3.0.3.jar;C:\Users\Fedot_Begemot\.m2\repository\org\springframework\boot\spring-boot-autoconfigure\3.0.3\spring-boot-autoconfigure-3.0.3.jar;C:\Users\Fedot_Begemot\.m2\repository\org\springframework\boot\spring-boot-starter-logging\3.0.3\spring-boot-starter-logging-3.0.3.jar;C:\Users\Fedot_Begemot\.m2\repository\ch\qos\logback\logback-classic\1.4.5\logback-classic-1.4.5.jar;C:\Users\Fedot_Begemot\.m2\repository\ch\qos\logback\logback-core\1.4.5\logback-core-1.4.5.jar;C:\Users\Fedot_Begemot\.m2\repository\org\apache\logging\log4j\log4j-to-slf4j\2.19.0\log4j-to-slf4j-2.19.0.jar;C:\Users\Fedot_Begemot\.m2\repository\org\apache\logging\log4j\log4j-api\2.19.0\log4j-api-2.19.0.jar;C:\Users\Fedot_Begemot\.m2\repository\org\slf4j\jul-to-slf4j\2.0.6\jul-to-slf4j-2.0.6.jar;C:\Users\Fedot_Begemot\.m2\repository\jakarta\annotation\jakarta.annotation-api\2.1.1\jakarta.annotation-api-2.1.1.jar;C:\Users\Fedot_Begemot\.m2\repository\org\yaml\snakeyaml\1.33\snakeyaml-1.33.jar;C:\Users\Fedot_Begemot\.m2\repository\org\mongodb\mongodb-driver-sync\4.8.2\mongodb-driver-sync-4.8.2.jar;C:\Users\Fedot_Begemot\.m2\repository\org\springframework\boot\spring-boot-starter-web\3.0.3\spring-boot-starter-web-3.0.3.jar;C:\Users\Fedot_Begemot\.m2\repository\org\springframework\boot\spring-boot-starter-json\3.0.3\spring-boot-starter-json-3.0.3.jar;C:\Users\Fedot_Begemot\.m2\repository\com\fasterxml\jackson\core\jackson-databind\2.14.2\jackson-databind-2.14.2.jar;C:\Users\Fedot_Begemot\.m2\repository\com\fasterxml\jackson\core\jackson-annotations\2.14.2\jackson-annotations-2.14.2.jar;C:\Users\Fedot_Begemot\.m2\repository\com\fasterxml\jackson\core\jackson-core\2.14.2\jackson-core-2.14.2.jar;C:\Users\Fedot_Begemot\.m2\repository\com\fasterxml\jackson\datatype\jackson-datatype-jdk8\2.14.2\jackson-datatype-jdk8-2.14.2.jar;C:\Users\Fedot_Begemot\.m2\repository\com\fasterxml\jackson\datatype\jackson-datatype-jsr310\2.14.2\jackson-datatype-jsr310-2.14.2.jar;C:\Users\Fedot_Begemot\.m2\repository\com\fasterxml\jackson\module\jackson-module-parameter-names\2.14.2\jackson-module-parameter-names-2.14.2.jar;C:\Users\Fedot_Begemot\.m2\repository\org\springframework\boot\spring-boot-starter-tomcat\3.0.3\spring-boot-starter-tomcat-3.0.3.jar;C:\Users\Fedot_Begemot\.m2\repository\org\apache\tomcat\embed\tomcat-embed-core\10.1.5\tomcat-embed-core-10.1.5.jar;C:\Users\Fedot_Begemot\.m2\repository\org\apache\tomcat\embed\tomcat-embed-el\10.1.5\tomcat-embed-el-10.1.5.jar;C:\Users\Fedot_Begemot\.m2\repository\org\apache\tomcat\embed\tomcat-embed-websocket\10.1.5\tomcat-embed-websocket-10.1.5.jar;C:\Users\Fedot_Begemot\.m2\repository\org\springframework\spring-web\6.0.5\spring-web-6.0.5.jar;C:\Users\Fedot_Begemot\.m2\repository\io\micrometer\micrometer-observation\1.10.4\micrometer-observation-1.10.4.jar;C:\Users\Fedot_Begemot\.m2\repository\io\micrometer\micrometer-commons\1.10.4\micrometer-commons-1.10.4.jar;C:\Users\Fedot_Begemot\.m2\repository\org\springframework\spring-webmvc\6.0.5\spring-webmvc-6.0.5.jar;C:\Users\Fedot_Begemot\.m2\repository\junit\junit\4.13.2\junit-4.13.2.jar;C:\Users\Fedot_Begemot\.m2\repository\org\hamcrest\hamcrest-core\2.2\hamcrest-core-2.2.jar;C:\Users\Fedot_Begemot\.m2\repository\org\hamcrest\hamcrest\2.2\hamcrest-2.2.jar;C:\Users\Fedot_Begemot\.m2\repository\org\springframework\boot\spring-boot-test\3.0.3\spring-boot-test-3.0.3.jar;C:\Users\Fedot_Begemot\.m2\repository\org\springframework\boot\spring-boot\3.0.3\spring-boot-3.0.3.jar;C:\Users\Fedot_Begemot\.m2\repository\org\junit\jupiter\junit-jupiter\5.9.2\junit-jupiter-5.9.2.jar;C:\Users\Fedot_Begemot\.m2\repository\org\junit\jupiter\junit-jupiter-api\5.9.2\junit-jupiter-api-5.9.2.jar;C:\Users\Fedot_Begemot\.m2\repository\org\opentest4j\opentest4j\1.2.0\opentest4j-1.2.0.jar;C:\Users\Fedot_Begemot\.m2\repository\org\junit\platform\junit-platform-commons\1.9.2\junit-platform-commons-1.9.2.jar;C:\Users\Fedot_Begemot\.m2\repository\org\apiguardian\apiguardian-api\1.1.2\apiguardian-api-1.1.2.jar;C:\Users\Fedot_Begemot\.m2\repository\org\junit\jupiter\junit-jupiter-params\5.9.2\junit-jupiter-params-5.9.2.jar;C:\Users\Fedot_Begemot\.m2\repository\org\junit\jupiter\junit-jupiter-engine\5.9.2\junit-jupiter-engine-5.9.2.jar;C:\Users\Fedot_Begemot\.m2\repository\org\junit\platform\junit-platform-engine\1.9.2\junit-platform-engine-1.9.2.jar;"/>
    <property name="sun.cpu.endian" value="little"/>
    <property name="user.home" value="C:\Users\Fedot_Begemot"/>
    <property name="user.language" value="ru"/>
    <property name="java.specification.vendor" value="Oracle Corporation"/>
    <property name="java.version.date" value="2021-10-19"/>
    <property name="java.home" value="C:\Users\Fedot_Begemot\.jdks\openjdk-17.0.1"/>
    <property name="file.separator" value="\"/>
    <property name="basedir" value="D:\JavaPrograms\Module2\demo"/>
    <property name="java.vm.compressedOopsMode" value="32-bit"/>
    <property name="line.separator" value="&#10;"/>
    <property name="java.vm.specification.vendor" value="Oracle Corporation"/>
    <property name="java.specification.name" value="Java Platform API Specification"/>
    <property name="surefire.real.class.path" value="C:\Users\FEDOT_~1\AppData\Local\Temp\surefire16408420161811257542\surefirebooter16408861095367161939.jar"/>
    <property name="user.script" value=""/>
    <property name="sun.management.compiler" value="HotSpot 64-Bit Tiered Compilers"/>
    <property name="java.runtime.version" value="17.0.1+12-39"/>
    <property name="user.name" value="Fedot_Begemot"/>
    <property name="path.separator" value=";"/>
    <property name="os.version" value="10.0"/>
    <property name="java.runtime.name" value="OpenJDK Runtime Environment"/>
    <property name="file.encoding" value="Cp1251"/>
    <property name="java.vm.name" value="OpenJDK 64-Bit Server VM"/>
    <property name="localRepository" value="C:\Users\Fedot_Begemot\.m2\repository"/>
    <property name="java.vendor.url.bug" value="https://bugreport.java.com/bugreport/"/>
    <property name="java.io.tmpdir" value="C:\Users\FEDOT_~1\AppData\Local\Temp\"/>
    <property name="idea.version" value="2022.2.3"/>
    <property name="java.version" value="17.0.1"/>
    <property name="user.dir" value="D:\JavaPrograms\Module2\demo"/>
    <property name="os.arch" value="amd64"/>
    <property name="java.vm.specification.name" value="Java Virtual Machine Specification"/>
    <property name="sun.os.patch.level" value=""/>
    <property name="native.encoding" value="Cp1251"/>
    <property name="java.library.path" value="C:\Users\Fedot_Begemot\.jdks\openjdk-17.0.1\bin;C:\Windows\Sun\Java\bin;C:\Windows\system32;C:\Windows;D:\Oracle\dbhomeXE\bin;C:\Program Files\Common Files\Oracle\Java\javapath;C:\Windows\system32;C:\Windows;C:\Windows\System32\Wbem;C:\Windows\System32\WindowsPowerShell\v1.0\;C:\Windows\System32\OpenSSH\;C:\Program Files (x86)\NVIDIA Corporation\PhysX\Common;C:\Program Files\NVIDIA Corporation\NVIDIA NvDLISR;C:\Program Files\PuTTY\;C:\Program Files\Docker\Docker\resources\bin;D:\MATLAB\R2022b\runtime\win64;D:\MATLAB\R2022b\bin;C:\Program Files\dotnet\;C:\Program Files\Git\cmd;D:\nodejs\;C:\Users\Fedot_Begemot\AppData\Local\Microsoft\WindowsApps;;C:\Program Files\JetBrains\PyCharm 2021.3.2\bin;;C:\Users\Fedot_Begemot\AppData\Local\Programs\Microsoft VS Code\bin;C:\Users\Fedot_Begemot\.dotnet\tools;C:\Users\Fedot_Begemot\AppData\Roaming\npm;."/>
    <property name="java.vm.info" value="mixed mode, sharing"/>
    <property name="java.vendor" value="Oracle Corporation"/>
    <property name="java.vm.version" value="17.0.1+12-39"/>
    <property name="sun.io.unicode.encoding" value="UnicodeLittle"/>
    <property name="java.class.version" value="61.0"/>
  </properties>
  <testcase name="com.example.demo.DemoApplicationTests" classname="com.example.demo.DemoApplicationTests" time="0.006">
    <error message="Type org.springframework.test.context.junit.jupiter.SpringExtension not present" type="java.lang.TypeNotPresentException">java.lang.TypeNotPresentException: Type org.springframework.test.context.junit.jupiter.SpringExtension not present
Caused by: java.lang.ClassNotFoundException: org.springframework.test.context.junit.jupiter.SpringExtension
</error>
  </testcase>
</testsuite>